-------------------------------------------------------------------------------
Test set: qa.gilbertsonhoy.charlotte.springboot.database.garage.mySpringBootDatabaseAppGarage.MySpringBootDatabaseAppSantaListApplicationTests
-------------------------------------------------------------------------------
Tests run: 1, Failures: 0, Errors: 1, Skipped: 0, Time elapsed: 0.297 s <<< FAILURE! - in qa.gilbertsonhoy.charlotte.springboot.database.garage.mySpringBootDatabaseAppGarage.MySpringBootDatabaseAppSantaListApplicationTests
initializationError(qa.gilbertsonhoy.charlotte.springboot.database.garage.mySpringBootDatabaseAppGarage.MySpringBootDatabaseAppSantaListApplicationTests)  Time elapsed: 0.004 s  <<< ERROR!
java.lang.IllegalStateException: Unable to find a @SpringBootConfiguration, you need to use @ContextConfiguration or @SpringBootTest(classes=...) with your test

